Compiling the CXX compiler identification source file "CMakeCXXCompilerId.cpp" failed.
Compiler: /usr/bin/c++.exe 
Build flags: 
Id flags: 

The output was:
1
c++: fatal error: -fuse-linker-plugin, but cyglto_plugin.dll not found
compilation terminated.


Determining if the CXX compiler works failed with the following output:
Change Dir: /cygdrive/c/Users/Hayzb/CLionProjects/Hello Advanced/cmake-build-debug/CMakeFiles/CMakeTmp

Run Build Command:"/usr/bin/make.exe" "cmTC_7e088/fast"
/usr/bin/make -f CMakeFiles/cmTC_7e088.dir/build.make CMakeFiles/cmTC_7e088.dir/build
make[1]: Entering directory '/cygdrive/c/Users/Hayzb/CLionProjects/Hello Advanced/cmake-build-debug/CMakeFiles/CMakeTmp'
Building CXX object CMakeFiles/cmTC_7e088.dir/testCXXCompiler.cxx.o
/usr/bin/c++.exe      -o CMakeFiles/cmTC_7e088.dir/testCXXCompiler.cxx.o -c "/cygdrive/c/Users/Hayzb/CLionProjects/Hello Advanced/cmake-build-debug/CMakeFiles/CMakeTmp/testCXXCompiler.cxx"
Linking CXX executable cmTC_7e088.exe
/cygdrive/c/Users/Hayzb/.CLion2016.3/system/cygwin_cmake/bin/cmake.exe -E cmake_link_script CMakeFiles/cmTC_7e088.dir/link.txt --verbose=1
/usr/bin/c++.exe     -Wl,--enable-auto-import  CMakeFiles/cmTC_7e088.dir/testCXXCompiler.cxx.o  -o cmTC_7e088.exe -Wl,--out-implib,libcmTC_7e088.dll.a -Wl,--major-image-version,0,--minor-image-version,0 
c++: fatal error: -fuse-linker-plugin, but cyglto_plugin.dll not found
compilation terminated.
make[1]: *** [CMakeFiles/cmTC_7e088.dir/build.make:98: cmTC_7e088.exe] Error 1
make[1]: Leaving directory '/cygdrive/c/Users/Hayzb/CLionProjects/Hello Advanced/cmake-build-debug/CMakeFiles/CMakeTmp'
make: *** [Makefile:126: cmTC_7e088/fast] Error 2


